<?xml version="1.0" encoding="UTF-8"?>
<!-- Generated by org.testng.reporters.JUnitReportReporter -->
<testsuite skipped="0" hostname="Olasunkanmis-MacBook-Pro.local" name="com.qa.restapi.PostRequestTest" tests="1" failures="0" timestamp="15 Apr 2018 18:15:45 GMT" time="2.295" errors="0">
  <testcase name="postWeatherDetailsTest" time="2.295" classname="com.qa.restapi.PostRequestTest"/>
</testsuite> <!-- com.qa.restapi.PostRequestTest -->
