<?xml version="1.0" encoding="UTF-8"?>
<!-- Generated by org.testng.reporters.JUnitReportReporter -->
<<<<<<< HEAD
<testsuite skipped="0" hostname="WFMAC22.local" name="com.qa.restapi.GetRequestTest" tests="1" failures="0" timestamp="16 May 2018 14:40:54 GMT" time="3.187" errors="0">
  <testcase name="getWeatherDetailsTest" time="3.187" classname="com.qa.restapi.GetRequestTest"/>
=======
<testsuite skipped="0" hostname="Olasunkanmis-MacBook-Pro.local" name="com.qa.restapi.GetRequestTest" tests="1" failures="0" timestamp="21 Apr 2018 13:44:53 GMT" time="3.479" errors="0">
  <testcase name="getWeatherDetailsTest" time="3.479" classname="com.qa.restapi.GetRequestTest"/>
>>>>>>> e30aa629791c1e9816821a38473aa221e71a8b12
</testsuite> <!-- com.qa.restapi.GetRequestTest -->
