<?xml version="1.0" encoding="UTF-8"?>
<!-- Generated by org.testng.reporters.JUnitReportReporter -->
<testsuite skipped="0" hostname="Olasunkanmis-MacBook-Pro.local" name="com.qa.restapi.GetRequestTest" tests="1" failures="0" timestamp="21 Apr 2018 13:44:53 GMT" time="3.479" errors="0">
  <testcase name="getWeatherDetailsTest" time="3.479" classname="com.qa.restapi.GetRequestTest"/>
</testsuite> <!-- com.qa.restapi.GetRequestTest -->
