<?xml version="1.0" encoding="UTF-8"?>
<!-- Generated by org.testng.reporters.JUnitReportReporter -->
<<<<<<< HEAD
<testsuite skipped="0" hostname="WFMAC22.local" name="com.qa.restapi.PostRequestTest" tests="1" failures="0" timestamp="11 May 2018 13:38:22 GMT" time="2.592" errors="0">
  <testcase name="postWeatherDetailsTest" time="2.592" classname="com.qa.restapi.PostRequestTest"/>
=======
<testsuite skipped="0" hostname="Olasunkanmis-MacBook-Pro.local" name="com.qa.restapi.PostRequestTest" tests="1" failures="0" timestamp="21 Apr 2018 10:46:43 GMT" time="2.942" errors="0">
  <testcase name="postWeatherDetailsTest" time="2.942" classname="com.qa.restapi.PostRequestTest"/>
>>>>>>> e30aa629791c1e9816821a38473aa221e71a8b12
</testsuite> <!-- com.qa.restapi.PostRequestTest -->
