<?xml version="1.0" encoding="UTF-8"?>
<!-- Generated by org.testng.reporters.JUnitReportReporter -->
<testsuite skipped="0" hostname="Olasunkanmis-MacBook-Pro.local" name="com.qa.restapi.GetRequestTest" tests="1" failures="0" timestamp="15 Apr 2018 10:59:53 GMT" time="17.054" errors="0">
  <testcase name="getWeatherDetailsTest" time="17.054" classname="com.qa.restapi.GetRequestTest"/>
</testsuite> <!-- com.qa.restapi.GetRequestTest -->
