<?xml version="1.0" encoding="UTF-8"?>
<!-- Generated by org.testng.reporters.JUnitReportReporter -->
<testsuite skipped="0" hostname="Olasunkanmis-MacBook-Pro.local" name="com.qa.restapi.ToolsQAPostRequest" tests="1" failures="0" timestamp="22 Apr 2018 07:55:50 GMT" time="2.548" errors="0">
  <testcase name="postRequest" time="2.548" classname="com.qa.restapi.ToolsQAPostRequest"/>
</testsuite> <!-- com.qa.restapi.ToolsQAPostRequest -->
